sh: /1/home/pleava1/Bioinformatics/bin/activate: Permission denied
WARNING: The default download format has changed from PDB to PDBx/mmCif
WARNING: The default download format has changed from PDB to PDBx/mmCif
WARNING: The default download format has changed from PDB to PDBx/mmCif
WARNING: The default download format has changed from PDB to PDBx/mmCif
WARNING: The default download format has changed from PDB to PDBx/mmCif
WARNING: The default download format has changed from PDB to PDBx/mmCif
WARNING: The default download format has changed from PDB to PDBx/mmCif
WARNING: The default download format has changed from PDB to PDBx/mmCif
WARNING: The default download format has changed from PDB to PDBx/mmCif
WARNING: The default download format has changed from PDB to PDBx/mmCif
WARNING: The default download format has changed from PDB to PDBx/mmCif
WARNING: The default download format has changed from PDB to PDBx/mmCif
WARNING: The default download format has changed from PDB to PDBx/mmCif
WARNING: The default download format has changed from PDB to PDBx/mmCif
WARNING: The default download format has changed from PDB to PDBx/mmCif
WARNING: The default download format has changed from PDB to PDBx/mmCif
WARNING: The default download format has changed from PDB to PDBx/mmCif
WARNING: The default download format has changed from PDB to PDBx/mmCif
WARNING: The default download format has changed from PDB to PDBx/mmCif
WARNING: The default download format has changed from PDB to PDBx/mmCif
WARNING: The default download format has changed from PDB to PDBx/mmCif
WARNING: The default download format has changed from PDB to PDBx/mmCif
WARNING: The default download format has changed from PDB to PDBx/mmCif
WARNING: The default download format has changed from PDB to PDBx/mmCif
WARNING: The default download format has changed from PDB to PDBx/mmCif
WARNING: The default download format has changed from PDB to PDBx/mmCif
WARNING: The default download format has changed from PDB to PDBx/mmCif
WARNING: The default download format has changed from PDB to PDBx/mmCif
WARNING: The default download format has changed from PDB to PDBx/mmCif
WARNING: The default download format has changed from PDB to PDBx/mmCif
WARNING: The default download format has changed from PDB to PDBx/mmCif
WARNING: The default download format has changed from PDB to PDBx/mmCif
WARNING: The default download format has changed from PDB to PDBx/mmCif
WARNING: The default download format has changed from PDB to PDBx/mmCif
WARNING: The default download format has changed from PDB to PDBx/mmCif
WARNING: The default download format has changed from PDB to PDBx/mmCif
WARNING: The default download format has changed from PDB to PDBx/mmCif
WARNING: The default download format has changed from PDB to PDBx/mmCif
WARNING: The default download format has changed from PDB to PDBx/mmCif
WARNING: The default download format has changed from PDB to PDBx/mmCif
WARNING: The default download format has changed from PDB to PDBx/mmCif
WARNING: The default download format has changed from PDB to PDBx/mmCif
WARNING: The default download format has changed from PDB to PDBx/mmCif
WARNING: The default download format has changed from PDB to PDBx/mmCif
WARNING: The default download format has changed from PDB to PDBx/mmCif
WARNING: The default download format has changed from PDB to PDBx/mmCif
WARNING: The default download format has changed from PDB to PDBx/mmCif
WARNING: The default download format has changed from PDB to PDBx/mmCif
WARNING: The default download format has changed from PDB to PDBx/mmCif
WARNING: The default download format has changed from PDB to PDBx/mmCif
WARNING: The default download format has changed from PDB to PDBx/mmCif
WARNING: The default download format has changed from PDB to PDBx/mmCif
WARNING: The default download format has changed from PDB to PDBx/mmCif
WARNING: The default download format has changed from PDB to PDBx/mmCif
WARNING: The default download format has changed from PDB to PDBx/mmCif
WARNING: The default download format has changed from PDB to PDBx/mmCif
WARNING: The default download format has changed from PDB to PDBx/mmCif
WARNING: The default download format has changed from PDB to PDBx/mmCif
WARNING: The default download format has changed from PDB to PDBx/mmCif
WARNING: The default download format has changed from PDB to PDBx/mmCif
WARNING: The default download format has changed from PDB to PDBx/mmCif
WARNING: The default download format has changed from PDB to PDBx/mmCif
WARNING: The default download format has changed from PDB to PDBx/mmCif
WARNING: The default download format has changed from PDB to PDBx/mmCif
WARNING: The default download format has changed from PDB to PDBx/mmCif
WARNING: The default download format has changed from PDB to PDBx/mmCif
WARNING: The default download format has changed from PDB to PDBx/mmCif
WARNING: The default download format has changed from PDB to PDBx/mmCif
WARNING: The default download format has changed from PDB to PDBx/mmCif
WARNING: The default download format has changed from PDB to PDBx/mmCif
WARNING: The default download format has changed from PDB to PDBx/mmCif
WARNING: The default download format has changed from PDB to PDBx/mmCif
WARNING: The default download format has changed from PDB to PDBx/mmCif
WARNING: The default download format has changed from PDB to PDBx/mmCif
WARNING: The default download format has changed from PDB to PDBx/mmCif
WARNING: The default download format has changed from PDB to PDBx/mmCif
WARNING: The default download format has changed from PDB to PDBx/mmCif
WARNING: The default download format has changed from PDB to PDBx/mmCif
WARNING: The default download format has changed from PDB to PDBx/mmCif
WARNING: The default download format has changed from PDB to PDBx/mmCif
WARNING: The default download format has changed from PDB to PDBx/mmCif
WARNING: The default download format has changed from PDB to PDBx/mmCif
WARNING: The default download format has changed from PDB to PDBx/mmCif
WARNING: The default download format has changed from PDB to PDBx/mmCif
WARNING: The default download format has changed from PDB to PDBx/mmCif
WARNING: The default download format has changed from PDB to PDBx/mmCif
WARNING: The default download format has changed from PDB to PDBx/mmCif
WARNING: The default download format has changed from PDB to PDBx/mmCif
WARNING: The default download format has changed from PDB to PDBx/mmCif
WARNING: The default download format has changed from PDB to PDBx/mmCif
WARNING: The default download format has changed from PDB to PDBx/mmCif
WARNING: The default download format has changed from PDB to PDBx/mmCif
WARNING: The default download format has changed from PDB to PDBx/mmCif
WARNING: The default download format has changed from PDB to PDBx/mmCif
WARNING: The default download format has changed from PDB to PDBx/mmCif
WARNING: The default download format has changed from PDB to PDBx/mmCif
WARNING: The default download format has changed from PDB to PDBx/mmCif
WARNING: The default download format has changed from PDB to PDBx/mmCif
WARNING: The default download format has changed from PDB to PDBx/mmCif
WARNING: The default download format has changed from PDB to PDBx/mmCif
WARNING: The default download format has changed from PDB to PDBx/mmCif
WARNING: The default download format has changed from PDB to PDBx/mmCif
WARNING: The default download format has changed from PDB to PDBx/mmCif
WARNING: The default download format has changed from PDB to PDBx/mmCif
WARNING: The default download format has changed from PDB to PDBx/mmCif
WARNING: The default download format has changed from PDB to PDBx/mmCif
WARNING: The default download format has changed from PDB to PDBx/mmCif
WARNING: The default download format has changed from PDB to PDBx/mmCif
WARNING: The default download format has changed from PDB to PDBx/mmCif
WARNING: The default download format has changed from PDB to PDBx/mmCif
WARNING: The default download format has changed from PDB to PDBx/mmCif
WARNING: The default download format has changed from PDB to PDBx/mmCif
WARNING: The default download format has changed from PDB to PDBx/mmCif
WARNING: The default download format has changed from PDB to PDBx/mmCif
WARNING: The default download format has changed from PDB to PDBx/mmCif
WARNING: The default download format has changed from PDB to PDBx/mmCif
WARNING: The default download format has changed from PDB to PDBx/mmCif
WARNING: The default download format has changed from PDB to PDBx/mmCif
WARNING: The default download format has changed from PDB to PDBx/mmCif
WARNING: The default download format has changed from PDB to PDBx/mmCif
WARNING: The default download format has changed from PDB to PDBx/mmCif
WARNING: The default download format has changed from PDB to PDBx/mmCif
WARNING: The default download format has changed from PDB to PDBx/mmCif
WARNING: The default download format has changed from PDB to PDBx/mmCif
WARNING: The default download format has changed from PDB to PDBx/mmCif
WARNING: The default download format has changed from PDB to PDBx/mmCif
WARNING: The default download format has changed from PDB to PDBx/mmCif
Traceback (most recent call last):
  File "DownloadCIFs.py", line 47, in <module>
    pdb_fn = pdbList.retrieve_pdb_file(pdb_id, pdir=download_folder_path)
  File "/1/home/pleava1/Bioinformatics/lib64/python3.6/site-packages/Bio/PDB/PDBList.py", line 342, in retrieve_pdb_file
    with gzip.open(filename, "rb") as gz:
  File "/usr/lib64/python3.6/gzip.py", line 53, in open
    binary_file = GzipFile(filename, gz_mode, compresslevel)
  File "/usr/lib64/python3.6/gzip.py", line 163, in __init__
    fileobj = self.myfileobj = builtins.open(filename, mode or 'rb')
FileNotFoundError: [Errno 2] No such file or directory: '/home/pleava1/NSERC_Project/Data/Heterotrimers/Data/Saccharolobus_solfataricus/Structure_Downloads/2hik.cif.gz'
sh: /home/pleava1/NSERC_Project/Data/Heterotrimers/Logs/RemoveDuplicates_Log.txt: No such file or directory
sh: /home/pleava1/NSERC_Project/Data/Heterotrimers/Logs/BiologicalAssemblies_Log.txt: No such file or directory
sh: /home/pleava1/NSERC_Project/Data/Heterotrimers/Logs/PickRepresentativeAssembly_Log.txt: No such file or directory
sh: /home/pleava1/NSERC_Project/Data/Heterotrimers/Logs/CleanStructures_Log.txt: No such file or directory
sh: /home/pleava1/NSERC_Project/Data/Heterotrimers/Logs/ExtractChains_Log.txt: No such file or directory
sh: /home/pleava1/NSERC_Project/Data/Heterotrimers/Logs/CompareChains_Log.txt: No such file or directory
sh: /home/pleava1/NSERC_Project/Data/Heterotrimers/Logs/FilterRedundantChains_Log.txt: No such file or directory
sh: /home/pleava1/NSERC_Project/Data/Heterotrimers/Logs/RandomComparisons_Log.txt: No such file or directory
sh: /home/pleava1/NSERC_Project/Data/Heterotrimers/Logs/FindingSignificantHeteromers_Log.txt: No such file or directory
sh: /home/pleava1/NSERC_Project/Data/Heterotrimers/Logs/ExtractInterfaces_Log.txt: No such file or directory
Initializing ...
Scraping Periodic Table ...
Downloading CIF Files ...
Removing Duplicates ...
Forming Biological Assemblies ...
Picking Representative Assemblies ...
Cleaning structures ...
Extracting Chains ...
Comparing Chains ...
Filtering Redundant Chains ...
Comparing random chains ...
Finding significant heteromers ...
Extracting interfaces ...
Comparing interfaces ...
Done
